[0.096s] DEBUG:colcon:Command line arguments: ['/usr/bin/colcon', 'list', '-p', '--base-paths', '/home/aom/Documents/GitHub/UR5_kinematic_testing']
[0.096s] DEBUG:colcon:Parsed command line arguments: Namespace(log_base=None, log_level=None, verb_name='list', build_base='build', ignore_user_meta=False, metas=['./colcon.meta'], base_paths=['/home/aom/Documents/GitHub/UR5_kinematic_testing'], packages_ignore=None, packages_ignore_regex=None, paths=None, packages_up_to=None, packages_up_to_regex=None, packages_above=None, packages_above_and_dependencies=None, packages_above_depth=None, packages_select_by_dep=None, packages_skip_by_dep=None, packages_skip_up_to=None, packages_select_build_failed=False, packages_skip_build_finished=False, packages_select_test_failures=False, packages_skip_test_passed=False, packages_select=None, packages_skip=None, packages_select_regex=None, packages_skip_regex=None, packages_start=None, packages_end=None, allow_overriding=[], topological_order=False, names_only=False, paths_only=True, topological_graph=False, topological_graph_dot=False, topological_graph_density=False, topological_graph_legend=False, topological_graph_dot_cluster=False, topological_graph_dot_include_skipped=False, mixin_files=None, mixin=None, verb_parser=<colcon_mixin.mixin.mixin_argument.MixinArgumentDecorator object at 0x7421d6e5b8b0>, verb_extension=<colcon_package_information.verb.list.ListVerb object at 0x7421d6e185e0>, main=<bound method ListVerb.main of <colcon_package_information.verb.list.ListVerb object at 0x7421d6e185e0>>, mixin_verb=('list',))
[0.458s] Level 1:colcon.colcon_core.package_discovery:discover_packages(colcon_meta) check parameters
[0.458s] Level 1:colcon.colcon_core.package_discovery:discover_packages(recursive) check parameters
[0.458s] Level 1:colcon.colcon_core.package_discovery:discover_packages(ignore) check parameters
[0.458s] Level 1:colcon.colcon_core.package_discovery:discover_packages(path) check parameters
[0.458s] Level 1:colcon.colcon_core.package_discovery:discover_packages(recursive) discover
[0.459s] INFO:colcon.colcon_core.package_discovery:Crawling recursively for packages in '/home/aom/Documents/GitHub/UR5_kinematic_testing'
[0.459s] Level 1:colcon.colcon_core.package_identification:_identify(/home/aom/Documents/GitHub/UR5_kinematic_testing) by extensions ['ignore', 'ignore_ament_install']
[0.459s] Level 1:colcon.colcon_core.package_identification:_identify(/home/aom/Documents/GitHub/UR5_kinematic_testing) by extension 'ignore'
[0.459s] Level 1:colcon.colcon_core.package_identification:_identify(/home/aom/Documents/GitHub/UR5_kinematic_testing) by extension 'ignore_ament_install'
[0.459s] Level 1:colcon.colcon_core.package_identification:_identify(/home/aom/Documents/GitHub/UR5_kinematic_testing) by extensions ['colcon_pkg']
[0.459s] Level 1:colcon.colcon_core.package_identification:_identify(/home/aom/Documents/GitHub/UR5_kinematic_testing) by extension 'colcon_pkg'
[0.459s] Level 1:colcon.colcon_core.package_identification:_identify(/home/aom/Documents/GitHub/UR5_kinematic_testing) by extensions ['colcon_meta']
[0.459s] Level 1:colcon.colcon_core.package_identification:_identify(/home/aom/Documents/GitHub/UR5_kinematic_testing) by extension 'colcon_meta'
[0.459s] Level 1:colcon.colcon_core.package_identification:_identify(/home/aom/Documents/GitHub/UR5_kinematic_testing) by extensions ['ros']
[0.459s] Level 1:colcon.colcon_core.package_identification:_identify(/home/aom/Documents/GitHub/UR5_kinematic_testing) by extension 'ros'
[0.470s] Level 1:colcon.colcon_core.package_identification:_identify(/home/aom/Documents/GitHub/UR5_kinematic_testing) by extensions ['cmake', 'python']
[0.470s] Level 1:colcon.colcon_core.package_identification:_identify(/home/aom/Documents/GitHub/UR5_kinematic_testing) by extension 'cmake'
[0.470s] Level 1:colcon.colcon_core.package_identification:_identify(/home/aom/Documents/GitHub/UR5_kinematic_testing) by extension 'python'
[0.470s] Level 1:colcon.colcon_core.package_identification:_identify(/home/aom/Documents/GitHub/UR5_kinematic_testing) by extensions ['python_setup_py']
[0.470s] Level 1:colcon.colcon_core.package_identification:_identify(/home/aom/Documents/GitHub/UR5_kinematic_testing) by extension 'python_setup_py'
[0.470s] Level 1:colcon.colcon_core.package_identification:_identify(/home/aom/Documents/GitHub/UR5_kinematic_testing/InvKinematic) by extensions ['ignore', 'ignore_ament_install']
[0.470s] Level 1:colcon.colcon_core.package_identification:_identify(/home/aom/Documents/GitHub/UR5_kinematic_testing/InvKinematic) by extension 'ignore'
[0.470s] Level 1:colcon.colcon_core.package_identification:_identify(/home/aom/Documents/GitHub/UR5_kinematic_testing/InvKinematic) by extension 'ignore_ament_install'
[0.470s] Level 1:colcon.colcon_core.package_identification:_identify(/home/aom/Documents/GitHub/UR5_kinematic_testing/InvKinematic) by extensions ['colcon_pkg']
[0.470s] Level 1:colcon.colcon_core.package_identification:_identify(/home/aom/Documents/GitHub/UR5_kinematic_testing/InvKinematic) by extension 'colcon_pkg'
[0.471s] Level 1:colcon.colcon_core.package_identification:_identify(/home/aom/Documents/GitHub/UR5_kinematic_testing/InvKinematic) by extensions ['colcon_meta']
[0.471s] Level 1:colcon.colcon_core.package_identification:_identify(/home/aom/Documents/GitHub/UR5_kinematic_testing/InvKinematic) by extension 'colcon_meta'
[0.471s] Level 1:colcon.colcon_core.package_identification:_identify(/home/aom/Documents/GitHub/UR5_kinematic_testing/InvKinematic) by extensions ['ros']
[0.471s] Level 1:colcon.colcon_core.package_identification:_identify(/home/aom/Documents/GitHub/UR5_kinematic_testing/InvKinematic) by extension 'ros'
[0.471s] Level 1:colcon.colcon_core.package_identification:_identify(/home/aom/Documents/GitHub/UR5_kinematic_testing/InvKinematic) by extensions ['cmake', 'python']
[0.471s] Level 1:colcon.colcon_core.package_identification:_identify(/home/aom/Documents/GitHub/UR5_kinematic_testing/InvKinematic) by extension 'cmake'
[0.471s] Level 1:colcon.colcon_core.package_identification:_identify(/home/aom/Documents/GitHub/UR5_kinematic_testing/InvKinematic) by extension 'python'
[0.471s] Level 1:colcon.colcon_core.package_identification:_identify(/home/aom/Documents/GitHub/UR5_kinematic_testing/InvKinematic) by extensions ['python_setup_py']
[0.471s] Level 1:colcon.colcon_core.package_identification:_identify(/home/aom/Documents/GitHub/UR5_kinematic_testing/InvKinematic) by extension 'python_setup_py'
[0.471s] Level 1:colcon.colcon_core.package_identification:_identify(/home/aom/Documents/GitHub/UR5_kinematic_testing/InvKinematic/InvKine_mat) by extensions ['ignore', 'ignore_ament_install']
[0.471s] Level 1:colcon.colcon_core.package_identification:_identify(/home/aom/Documents/GitHub/UR5_kinematic_testing/InvKinematic/InvKine_mat) by extension 'ignore'
[0.471s] Level 1:colcon.colcon_core.package_identification:_identify(/home/aom/Documents/GitHub/UR5_kinematic_testing/InvKinematic/InvKine_mat) by extension 'ignore_ament_install'
[0.471s] Level 1:colcon.colcon_core.package_identification:_identify(/home/aom/Documents/GitHub/UR5_kinematic_testing/InvKinematic/InvKine_mat) by extensions ['colcon_pkg']
[0.471s] Level 1:colcon.colcon_core.package_identification:_identify(/home/aom/Documents/GitHub/UR5_kinematic_testing/InvKinematic/InvKine_mat) by extension 'colcon_pkg'
[0.471s] Level 1:colcon.colcon_core.package_identification:_identify(/home/aom/Documents/GitHub/UR5_kinematic_testing/InvKinematic/InvKine_mat) by extensions ['colcon_meta']
[0.471s] Level 1:colcon.colcon_core.package_identification:_identify(/home/aom/Documents/GitHub/UR5_kinematic_testing/InvKinematic/InvKine_mat) by extension 'colcon_meta'
[0.471s] Level 1:colcon.colcon_core.package_identification:_identify(/home/aom/Documents/GitHub/UR5_kinematic_testing/InvKinematic/InvKine_mat) by extensions ['ros']
[0.471s] Level 1:colcon.colcon_core.package_identification:_identify(/home/aom/Documents/GitHub/UR5_kinematic_testing/InvKinematic/InvKine_mat) by extension 'ros'
[0.471s] Level 1:colcon.colcon_core.package_identification:_identify(/home/aom/Documents/GitHub/UR5_kinematic_testing/InvKinematic/InvKine_mat) by extensions ['cmake', 'python']
[0.471s] Level 1:colcon.colcon_core.package_identification:_identify(/home/aom/Documents/GitHub/UR5_kinematic_testing/InvKinematic/InvKine_mat) by extension 'cmake'
[0.471s] Level 1:colcon.colcon_core.package_identification:_identify(/home/aom/Documents/GitHub/UR5_kinematic_testing/InvKinematic/InvKine_mat) by extension 'python'
[0.471s] Level 1:colcon.colcon_core.package_identification:_identify(/home/aom/Documents/GitHub/UR5_kinematic_testing/InvKinematic/InvKine_mat) by extensions ['python_setup_py']
[0.471s] Level 1:colcon.colcon_core.package_identification:_identify(/home/aom/Documents/GitHub/UR5_kinematic_testing/InvKinematic/InvKine_mat) by extension 'python_setup_py'
[0.472s] Level 1:colcon.colcon_core.package_identification:_identify(/home/aom/Documents/GitHub/UR5_kinematic_testing/build) by extensions ['ignore', 'ignore_ament_install']
[0.472s] Level 1:colcon.colcon_core.package_identification:_identify(/home/aom/Documents/GitHub/UR5_kinematic_testing/build) by extension 'ignore'
[0.472s] Level 1:colcon.colcon_core.package_identification:_identify(/home/aom/Documents/GitHub/UR5_kinematic_testing/build) ignored
[0.472s] Level 1:colcon.colcon_core.package_identification:_identify(/home/aom/Documents/GitHub/UR5_kinematic_testing/install) by extensions ['ignore', 'ignore_ament_install']
[0.472s] Level 1:colcon.colcon_core.package_identification:_identify(/home/aom/Documents/GitHub/UR5_kinematic_testing/install) by extension 'ignore'
[0.472s] Level 1:colcon.colcon_core.package_identification:_identify(/home/aom/Documents/GitHub/UR5_kinematic_testing/install) ignored
[0.472s] Level 1:colcon.colcon_core.package_identification:_identify(/home/aom/Documents/GitHub/UR5_kinematic_testing/log) by extensions ['ignore', 'ignore_ament_install']
[0.472s] Level 1:colcon.colcon_core.package_identification:_identify(/home/aom/Documents/GitHub/UR5_kinematic_testing/log) by extension 'ignore'
[0.472s] Level 1:colcon.colcon_core.package_identification:_identify(/home/aom/Documents/GitHub/UR5_kinematic_testing/log) ignored
[0.472s] Level 1:colcon.colcon_core.package_identification:_identify(/home/aom/Documents/GitHub/UR5_kinematic_testing/src) by extensions ['ignore', 'ignore_ament_install']
[0.472s] Level 1:colcon.colcon_core.package_identification:_identify(/home/aom/Documents/GitHub/UR5_kinematic_testing/src) by extension 'ignore'
[0.472s] Level 1:colcon.colcon_core.package_identification:_identify(/home/aom/Documents/GitHub/UR5_kinematic_testing/src) by extension 'ignore_ament_install'
[0.472s] Level 1:colcon.colcon_core.package_identification:_identify(/home/aom/Documents/GitHub/UR5_kinematic_testing/src) by extensions ['colcon_pkg']
[0.472s] Level 1:colcon.colcon_core.package_identification:_identify(/home/aom/Documents/GitHub/UR5_kinematic_testing/src) by extension 'colcon_pkg'
[0.472s] Level 1:colcon.colcon_core.package_identification:_identify(/home/aom/Documents/GitHub/UR5_kinematic_testing/src) by extensions ['colcon_meta']
[0.472s] Level 1:colcon.colcon_core.package_identification:_identify(/home/aom/Documents/GitHub/UR5_kinematic_testing/src) by extension 'colcon_meta'
[0.472s] Level 1:colcon.colcon_core.package_identification:_identify(/home/aom/Documents/GitHub/UR5_kinematic_testing/src) by extensions ['ros']
[0.472s] Level 1:colcon.colcon_core.package_identification:_identify(/home/aom/Documents/GitHub/UR5_kinematic_testing/src) by extension 'ros'
[0.473s] Level 1:colcon.colcon_core.package_identification:_identify(/home/aom/Documents/GitHub/UR5_kinematic_testing/src) by extensions ['cmake', 'python']
[0.473s] Level 1:colcon.colcon_core.package_identification:_identify(/home/aom/Documents/GitHub/UR5_kinematic_testing/src) by extension 'cmake'
[0.473s] Level 1:colcon.colcon_core.package_identification:_identify(/home/aom/Documents/GitHub/UR5_kinematic_testing/src) by extension 'python'
[0.473s] Level 1:colcon.colcon_core.package_identification:_identify(/home/aom/Documents/GitHub/UR5_kinematic_testing/src) by extensions ['python_setup_py']
[0.473s] Level 1:colcon.colcon_core.package_identification:_identify(/home/aom/Documents/GitHub/UR5_kinematic_testing/src) by extension 'python_setup_py'
[0.473s] Level 1:colcon.colcon_core.package_identification:_identify(/home/aom/Documents/GitHub/UR5_kinematic_testing/src/Universal_Robots_ROS2_Description) by extensions ['ignore', 'ignore_ament_install']
[0.473s] Level 1:colcon.colcon_core.package_identification:_identify(/home/aom/Documents/GitHub/UR5_kinematic_testing/src/Universal_Robots_ROS2_Description) by extension 'ignore'
[0.473s] Level 1:colcon.colcon_core.package_identification:_identify(/home/aom/Documents/GitHub/UR5_kinematic_testing/src/Universal_Robots_ROS2_Description) by extension 'ignore_ament_install'
[0.473s] Level 1:colcon.colcon_core.package_identification:_identify(/home/aom/Documents/GitHub/UR5_kinematic_testing/src/Universal_Robots_ROS2_Description) by extensions ['colcon_pkg']
[0.473s] Level 1:colcon.colcon_core.package_identification:_identify(/home/aom/Documents/GitHub/UR5_kinematic_testing/src/Universal_Robots_ROS2_Description) by extension 'colcon_pkg'
[0.473s] Level 1:colcon.colcon_core.package_identification:_identify(/home/aom/Documents/GitHub/UR5_kinematic_testing/src/Universal_Robots_ROS2_Description) by extensions ['colcon_meta']
[0.473s] Level 1:colcon.colcon_core.package_identification:_identify(/home/aom/Documents/GitHub/UR5_kinematic_testing/src/Universal_Robots_ROS2_Description) by extension 'colcon_meta'
[0.473s] Level 1:colcon.colcon_core.package_identification:_identify(/home/aom/Documents/GitHub/UR5_kinematic_testing/src/Universal_Robots_ROS2_Description) by extensions ['ros']
[0.473s] Level 1:colcon.colcon_core.package_identification:_identify(/home/aom/Documents/GitHub/UR5_kinematic_testing/src/Universal_Robots_ROS2_Description) by extension 'ros'
[0.476s] DEBUG:colcon.colcon_core.package_identification:Package '/home/aom/Documents/GitHub/UR5_kinematic_testing/src/Universal_Robots_ROS2_Description' with type 'ros.ament_cmake' and name 'ur_description'
[0.476s] Level 1:colcon.colcon_core.package_identification:_identify(/home/aom/Documents/GitHub/UR5_kinematic_testing/src/Universal_Robots_ROS2_Gazebo_Simulation) by extensions ['ignore', 'ignore_ament_install']
[0.476s] Level 1:colcon.colcon_core.package_identification:_identify(/home/aom/Documents/GitHub/UR5_kinematic_testing/src/Universal_Robots_ROS2_Gazebo_Simulation) by extension 'ignore'
[0.476s] Level 1:colcon.colcon_core.package_identification:_identify(/home/aom/Documents/GitHub/UR5_kinematic_testing/src/Universal_Robots_ROS2_Gazebo_Simulation) by extension 'ignore_ament_install'
[0.476s] Level 1:colcon.colcon_core.package_identification:_identify(/home/aom/Documents/GitHub/UR5_kinematic_testing/src/Universal_Robots_ROS2_Gazebo_Simulation) by extensions ['colcon_pkg']
[0.476s] Level 1:colcon.colcon_core.package_identification:_identify(/home/aom/Documents/GitHub/UR5_kinematic_testing/src/Universal_Robots_ROS2_Gazebo_Simulation) by extension 'colcon_pkg'
[0.477s] Level 1:colcon.colcon_core.package_identification:_identify(/home/aom/Documents/GitHub/UR5_kinematic_testing/src/Universal_Robots_ROS2_Gazebo_Simulation) by extensions ['colcon_meta']
[0.477s] Level 1:colcon.colcon_core.package_identification:_identify(/home/aom/Documents/GitHub/UR5_kinematic_testing/src/Universal_Robots_ROS2_Gazebo_Simulation) by extension 'colcon_meta'
[0.477s] Level 1:colcon.colcon_core.package_identification:_identify(/home/aom/Documents/GitHub/UR5_kinematic_testing/src/Universal_Robots_ROS2_Gazebo_Simulation) by extensions ['ros']
[0.477s] Level 1:colcon.colcon_core.package_identification:_identify(/home/aom/Documents/GitHub/UR5_kinematic_testing/src/Universal_Robots_ROS2_Gazebo_Simulation) by extension 'ros'
[0.477s] Level 1:colcon.colcon_core.package_identification:_identify(/home/aom/Documents/GitHub/UR5_kinematic_testing/src/Universal_Robots_ROS2_Gazebo_Simulation) by extensions ['cmake', 'python']
[0.477s] Level 1:colcon.colcon_core.package_identification:_identify(/home/aom/Documents/GitHub/UR5_kinematic_testing/src/Universal_Robots_ROS2_Gazebo_Simulation) by extension 'cmake'
[0.477s] Level 1:colcon.colcon_core.package_identification:_identify(/home/aom/Documents/GitHub/UR5_kinematic_testing/src/Universal_Robots_ROS2_Gazebo_Simulation) by extension 'python'
[0.477s] Level 1:colcon.colcon_core.package_identification:_identify(/home/aom/Documents/GitHub/UR5_kinematic_testing/src/Universal_Robots_ROS2_Gazebo_Simulation) by extensions ['python_setup_py']
[0.477s] Level 1:colcon.colcon_core.package_identification:_identify(/home/aom/Documents/GitHub/UR5_kinematic_testing/src/Universal_Robots_ROS2_Gazebo_Simulation) by extension 'python_setup_py'
[0.477s] Level 1:colcon.colcon_core.package_identification:_identify(/home/aom/Documents/GitHub/UR5_kinematic_testing/src/Universal_Robots_ROS2_Gazebo_Simulation/ur_simulation_gazebo) by extensions ['ignore', 'ignore_ament_install']
[0.477s] Level 1:colcon.colcon_core.package_identification:_identify(/home/aom/Documents/GitHub/UR5_kinematic_testing/src/Universal_Robots_ROS2_Gazebo_Simulation/ur_simulation_gazebo) by extension 'ignore'
[0.477s] Level 1:colcon.colcon_core.package_identification:_identify(/home/aom/Documents/GitHub/UR5_kinematic_testing/src/Universal_Robots_ROS2_Gazebo_Simulation/ur_simulation_gazebo) by extension 'ignore_ament_install'
[0.477s] Level 1:colcon.colcon_core.package_identification:_identify(/home/aom/Documents/GitHub/UR5_kinematic_testing/src/Universal_Robots_ROS2_Gazebo_Simulation/ur_simulation_gazebo) by extensions ['colcon_pkg']
[0.477s] Level 1:colcon.colcon_core.package_identification:_identify(/home/aom/Documents/GitHub/UR5_kinematic_testing/src/Universal_Robots_ROS2_Gazebo_Simulation/ur_simulation_gazebo) by extension 'colcon_pkg'
[0.477s] Level 1:colcon.colcon_core.package_identification:_identify(/home/aom/Documents/GitHub/UR5_kinematic_testing/src/Universal_Robots_ROS2_Gazebo_Simulation/ur_simulation_gazebo) by extensions ['colcon_meta']
[0.477s] Level 1:colcon.colcon_core.package_identification:_identify(/home/aom/Documents/GitHub/UR5_kinematic_testing/src/Universal_Robots_ROS2_Gazebo_Simulation/ur_simulation_gazebo) by extension 'colcon_meta'
[0.477s] Level 1:colcon.colcon_core.package_identification:_identify(/home/aom/Documents/GitHub/UR5_kinematic_testing/src/Universal_Robots_ROS2_Gazebo_Simulation/ur_simulation_gazebo) by extensions ['ros']
[0.477s] Level 1:colcon.colcon_core.package_identification:_identify(/home/aom/Documents/GitHub/UR5_kinematic_testing/src/Universal_Robots_ROS2_Gazebo_Simulation/ur_simulation_gazebo) by extension 'ros'
[0.478s] DEBUG:colcon.colcon_core.package_identification:Package '/home/aom/Documents/GitHub/UR5_kinematic_testing/src/Universal_Robots_ROS2_Gazebo_Simulation/ur_simulation_gazebo' with type 'ros.ament_cmake' and name 'ur_simulation_gazebo'
[0.478s] Level 1:colcon.colcon_core.package_discovery:discover_packages(recursive) using defaults
